Performing C SOURCE FILE Test CMAKE_HAVE_LIBC_PTHREAD failed with the following output:
Change Dir: /home/mister_hz/sharaga/sk2/sk2_projekt/server/cmake-build-debug/CMakeFiles/CMakeTmp

Run Build Command(s):/usr/bin/make cmTC_992ec/fast && make[1]: Entering directory '/home/mister_hz/sharaga/sk2/sk2_projekt/server/cmake-build-debug/CMakeFiles/CMakeTmp'
/usr/bin/make  -f CMakeFiles/cmTC_992ec.dir/build.make CMakeFiles/cmTC_992ec.dir/build
make[2]: Entering directory '/home/mister_hz/sharaga/sk2/sk2_projekt/server/cmake-build-debug/CMakeFiles/CMakeTmp'
Building C object CMakeFiles/cmTC_992ec.dir/src.c.o
/usr/bin/cc   -DCMAKE_HAVE_LIBC_PTHREAD   -o CMakeFiles/cmTC_992ec.dir/src.c.o   -c /home/mister_hz/sharaga/sk2/sk2_projekt/server/cmake-build-debug/CMakeFiles/CMakeTmp/src.c
Linking C executable cmTC_992ec
/home/mister_hz/.local/share/JetBrains/Toolbox/apps/CLion/ch-0/203.6682.181/bin/cmake/linux/bin/cmake -E cmake_link_script CMakeFiles/cmTC_992ec.dir/link.txt --verbose=1
/usr/bin/cc  -DCMAKE_HAVE_LIBC_PTHREAD    CMakeFiles/cmTC_992ec.dir/src.c.o  -o cmTC_992ec 
/usr/bin/ld: CMakeFiles/cmTC_992ec.dir/src.c.o: in function `main':
src.c:(.text+0x46): undefined reference to `pthread_create'
/usr/bin/ld: src.c:(.text+0x52): undefined reference to `pthread_detach'
/usr/bin/ld: src.c:(.text+0x5e): undefined reference to `pthread_cancel'
/usr/bin/ld: src.c:(.text+0x6f): undefined reference to `pthread_join'
collect2: error: ld returned 1 exit status
make[2]: *** [CMakeFiles/cmTC_992ec.dir/build.make:107: cmTC_992ec] Error 1
make[2]: Leaving directory '/home/mister_hz/sharaga/sk2/sk2_projekt/server/cmake-build-debug/CMakeFiles/CMakeTmp'
make[1]: *** [Makefile:141: cmTC_992ec/fast] Error 2
make[1]: Leaving directory '/home/mister_hz/sharaga/sk2/sk2_projekt/server/cmake-build-debug/CMakeFiles/CMakeTmp'


Source file was:
#include <pthread.h>

void* test_func(void* data)
{
  return data;
}

int main(void)
{
  pthread_t thread;
  pthread_create(&thread, NULL, test_func, NULL);
  pthread_detach(thread);
  pthread_cancel(thread);
  pthread_join(thread, NULL);
  pthread_atfork(NULL, NULL, NULL);
  pthread_exit(NULL);

  return 0;
}

Determining if the function pthread_create exists in the pthreads failed with the following output:
Change Dir: /home/mister_hz/sharaga/sk2/sk2_projekt/server/cmake-build-debug/CMakeFiles/CMakeTmp

Run Build Command(s):/usr/bin/make cmTC_6c579/fast && make[1]: Entering directory '/home/mister_hz/sharaga/sk2/sk2_projekt/server/cmake-build-debug/CMakeFiles/CMakeTmp'
/usr/bin/make  -f CMakeFiles/cmTC_6c579.dir/build.make CMakeFiles/cmTC_6c579.dir/build
make[2]: Entering directory '/home/mister_hz/sharaga/sk2/sk2_projekt/server/cmake-build-debug/CMakeFiles/CMakeTmp'
Building C object CMakeFiles/cmTC_6c579.dir/CheckFunctionExists.c.o
/usr/bin/cc   -DCHECK_FUNCTION_EXISTS=pthread_create   -o CMakeFiles/cmTC_6c579.dir/CheckFunctionExists.c.o   -c /home/mister_hz/.local/share/JetBrains/Toolbox/apps/CLion/ch-0/203.6682.181/bin/cmake/linux/share/cmake-3.17/Modules/CheckFunctionExists.c
Linking C executable cmTC_6c579
/home/mister_hz/.local/share/JetBrains/Toolbox/apps/CLion/ch-0/203.6682.181/bin/cmake/linux/bin/cmake -E cmake_link_script CMakeFiles/cmTC_6c579.dir/link.txt --verbose=1
/usr/bin/cc  -DCHECK_FUNCTION_EXISTS=pthread_create    CMakeFiles/cmTC_6c579.dir/CheckFunctionExists.c.o  -o cmTC_6c579  -lpthreads 
/usr/bin/ld: cannot find -lpthreads
collect2: error: ld returned 1 exit status
make[2]: *** [CMakeFiles/cmTC_6c579.dir/build.make:107: cmTC_6c579] Error 1
make[2]: Leaving directory '/home/mister_hz/sharaga/sk2/sk2_projekt/server/cmake-build-debug/CMakeFiles/CMakeTmp'
make[1]: *** [Makefile:141: cmTC_6c579/fast] Error 2
make[1]: Leaving directory '/home/mister_hz/sharaga/sk2/sk2_projekt/server/cmake-build-debug/CMakeFiles/CMakeTmp'



